[2025-09-10 19:01:54][DEBUG] [PUNK_Resize_Php] GD path for C:\xampp\tmp\php7F17.tmp → C:\Users\Maxx\AppData\Local\Temp\CSI_1833-piccola.tmp (800x533)
[2025-09-10 19:01:54][DEBUG] [PUNK_Resize_Php] GD path for C:\xampp\tmp\php7F17.tmp → C:\Users\Maxx\AppData\Local\Temp\CSI_1833-media.tmp (1600x1066)
[2025-09-10 19:01:54][DEBUG] [PUNK_Resize_Php] GD path for C:\xampp\tmp\php7F17.tmp → C:\Users\Maxx\AppData\Local\Temp\CSI_1833-grande.tmp (2048x1365)
[2025-09-10 19:23:40][DEBUG] [PUNK_Resize_Php] GD path for C:\xampp\tmp\php6AD3.tmp → C:\Users\Maxx\AppData\Local\Temp\CSI_1834-piccola.tmp (800x533)
[2025-09-10 19:23:40][DEBUG] [PUNK_Resize_Php] GD path for C:\xampp\tmp\php6AD3.tmp → C:\Users\Maxx\AppData\Local\Temp\CSI_1834-media.tmp (1600x1066)
[2025-09-10 19:23:40][DEBUG] [PUNK_Resize_Php] GD path for C:\xampp\tmp\php6AD3.tmp → C:\Users\Maxx\AppData\Local\Temp\CSI_1834-grande.tmp (2048x1365)
[2025-09-10 19:23:49][DEBUG] [PUNK_Resize_Php] GD path for C:\xampp\tmp\php8F34.tmp → C:\Users\Maxx\AppData\Local\Temp\CSI_1823-piccola.tmp (800x532)
[2025-09-10 19:23:49][DEBUG] [PUNK_Resize_Php] GD path for C:\xampp\tmp\php8F34.tmp → C:\Users\Maxx\AppData\Local\Temp\CSI_1823-media.tmp (1600x1065)
[2025-09-10 19:23:49][DEBUG] [PUNK_Resize_Php] GD path for C:\xampp\tmp\php8F34.tmp → C:\Users\Maxx\AppData\Local\Temp\CSI_1823-grande.tmp (2048x1364)
[2025-09-10 19:32:30][DEBUG] [PUNK_Resize_Php] GD path for C:\xampp\tmp\php83C5.tmp → C:\Users\Maxx\AppData\Local\Temp\CSI_1805-piccola.tmp (800x533)
[2025-09-10 19:32:30][DEBUG] [PUNK_Resize_Php] GD path for C:\xampp\tmp\php83C5.tmp → C:\Users\Maxx\AppData\Local\Temp\CSI_1805-media.tmp (1600x1066)
[2025-09-10 19:32:30][DEBUG] [PUNK_Resize_Php] GD path for C:\xampp\tmp\php83C5.tmp → C:\Users\Maxx\AppData\Local\Temp\CSI_1805-grande.tmp (2048x1365)
[2025-09-10 19:34:45][DEBUG] [PUNK_Resize_Php] GD path for C:\xampp\tmp\php933D.tmp → C:\Users\Maxx\AppData\Local\Temp\CSI_1805-piccola.tmp (800x533)
[2025-09-10 19:34:45][DEBUG] [PUNK_Resize_Php] GD path for C:\xampp\tmp\php933D.tmp → C:\Users\Maxx\AppData\Local\Temp\CSI_1805-media.tmp (1600x1066)
[2025-09-10 19:34:46][DEBUG] [PUNK_Resize_Php] GD path for C:\xampp\tmp\php933D.tmp → C:\Users\Maxx\AppData\Local\Temp\CSI_1805-grande.tmp (2048x1365)
[2025-09-10 19:35:10][DEBUG] [PUNK_Resize_Php] GD path for C:\xampp\tmp\phpF40B.tmp → C:\Users\Maxx\AppData\Local\Temp\CSI_1805-piccola.tmp (800x533)
[2025-09-10 19:35:10][DEBUG] [PUNK_Resize_Php] GD path for C:\xampp\tmp\phpF40B.tmp → C:\Users\Maxx\AppData\Local\Temp\CSI_1805-media.tmp (1600x1066)
[2025-09-10 19:35:10][DEBUG] [PUNK_Resize_Php] GD path for C:\xampp\tmp\phpF40B.tmp → C:\Users\Maxx\AppData\Local\Temp\CSI_1805-grande.tmp (2048x1365)
[2025-09-10 19:35:58][DEBUG] [PUNK_Resize_Php] GD path for C:\xampp\tmp\phpAFFA.tmp → C:\Users\Maxx\AppData\Local\Temp\CSI_1805-piccola.tmp (800x533)
[2025-09-10 19:35:58][DEBUG] [PUNK_Resize_Php] GD path for C:\xampp\tmp\phpAFFA.tmp → C:\Users\Maxx\AppData\Local\Temp\CSI_1805-media.tmp (1600x1066)
[2025-09-10 19:35:58][DEBUG] [PUNK_Resize_Php] GD path for C:\xampp\tmp\phpAFFA.tmp → C:\Users\Maxx\AppData\Local\Temp\CSI_1805-grande.tmp (2048x1365)
[2025-09-10 19:36:21][DEBUG] [PUNK_Resize_Php] GD path for C:\xampp\tmp\php7CF.tmp → C:\Users\Maxx\AppData\Local\Temp\CSI_1805-piccola.tmp (800x533)
[2025-09-10 19:36:21][DEBUG] [PUNK_Resize_Php] GD path for C:\xampp\tmp\php7CF.tmp → C:\Users\Maxx\AppData\Local\Temp\CSI_1805-media.tmp (1600x1066)
[2025-09-10 19:36:21][DEBUG] [PUNK_Resize_Php] GD path for C:\xampp\tmp\php7CF.tmp → C:\Users\Maxx\AppData\Local\Temp\CSI_1805-grande.tmp (2048x1365)
[2025-09-10 19:36:41][DEBUG] [PUNK_Resize_Php] GD path for C:\xampp\tmp\php560F.tmp → C:\Users\Maxx\AppData\Local\Temp\CSI_1805-piccola.tmp (800x533)
[2025-09-10 19:36:41][DEBUG] [PUNK_Resize_Php] GD path for C:\xampp\tmp\php560F.tmp → C:\Users\Maxx\AppData\Local\Temp\CSI_1805-media.tmp (1600x1066)
[2025-09-10 19:36:41][DEBUG] [PUNK_Resize_Php] GD path for C:\xampp\tmp\php560F.tmp → C:\Users\Maxx\AppData\Local\Temp\CSI_1805-grande.tmp (2048x1365)
[2025-09-10 19:40:25][DEBUG] [PUNK_Resize_Php] GD path for C:\xampp\tmp\phpC3A1.tmp → C:\Users\Maxx\AppData\Local\Temp\CSI_1805-piccola.tmp (800x533)
[2025-09-10 19:40:25][DEBUG] [PUNK_Resize_Php] GD path for C:\xampp\tmp\phpC3A1.tmp → C:\Users\Maxx\AppData\Local\Temp\CSI_1805-media.tmp (1600x1066)
[2025-09-10 19:40:26][DEBUG] [PUNK_Resize_Php] GD path for C:\xampp\tmp\phpC3A1.tmp → C:\Users\Maxx\AppData\Local\Temp\CSI_1805-grande.tmp (2048x1365)
[2025-09-10 19:40:54][DEBUG] [PUNK_Resize_Php] GD path for C:\xampp\tmp\php3235.tmp → C:\Users\Maxx\AppData\Local\Temp\CSI_1823-piccola.tmp (800x532)
[2025-09-10 19:40:54][DEBUG] [PUNK_Resize_Php] GD path for C:\xampp\tmp\php3235.tmp → C:\Users\Maxx\AppData\Local\Temp\CSI_1823-media.tmp (1600x1065)
[2025-09-10 19:40:54][DEBUG] [PUNK_Resize_Php] GD path for C:\xampp\tmp\php3235.tmp → C:\Users\Maxx\AppData\Local\Temp\CSI_1823-grande.tmp (2048x1364)
[2025-09-10 19:40:54][DEBUG] [PUNK_Resize_Php] GD path for C:\xampp\tmp\php3246.tmp → C:\Users\Maxx\AppData\Local\Temp\CSI_1825-piccola.tmp (800x532)
[2025-09-10 19:40:54][DEBUG] [PUNK_Resize_Php] GD path for C:\xampp\tmp\php3246.tmp → C:\Users\Maxx\AppData\Local\Temp\CSI_1825-media.tmp (1600x1065)
[2025-09-10 19:40:54][DEBUG] [PUNK_Resize_Php] GD path for C:\xampp\tmp\php3246.tmp → C:\Users\Maxx\AppData\Local\Temp\CSI_1825-grande.tmp (2048x1364)
[2025-09-10 19:40:55][DEBUG] [PUNK_Resize_Php] GD path for C:\xampp\tmp\php3247.tmp → C:\Users\Maxx\AppData\Local\Temp\CSI_1828-piccola.tmp (800x532)
[2025-09-10 19:40:55][DEBUG] [PUNK_Resize_Php] GD path for C:\xampp\tmp\php3247.tmp → C:\Users\Maxx\AppData\Local\Temp\CSI_1828-media.tmp (1600x1065)
[2025-09-10 19:40:55][DEBUG] [PUNK_Resize_Php] GD path for C:\xampp\tmp\php3247.tmp → C:\Users\Maxx\AppData\Local\Temp\CSI_1828-grande.tmp (2048x1364)
[2025-09-10 19:40:55][DEBUG] [PUNK_Resize_Php] GD path for C:\xampp\tmp\php3248.tmp → C:\Users\Maxx\AppData\Local\Temp\CSI_1829-piccola.tmp (800x533)
[2025-09-10 19:40:55][DEBUG] [PUNK_Resize_Php] GD path for C:\xampp\tmp\php3248.tmp → C:\Users\Maxx\AppData\Local\Temp\CSI_1829-media.tmp (1600x1066)
[2025-09-10 19:40:55][DEBUG] [PUNK_Resize_Php] GD path for C:\xampp\tmp\php3248.tmp → C:\Users\Maxx\AppData\Local\Temp\CSI_1829-grande.tmp (2048x1365)
[2025-09-10 19:40:56][DEBUG] [PUNK_Resize_Php] GD path for C:\xampp\tmp\php3259.tmp → C:\Users\Maxx\AppData\Local\Temp\CSI_1830-piccola.tmp (800x532)
[2025-09-10 19:40:56][DEBUG] [PUNK_Resize_Php] GD path for C:\xampp\tmp\php3259.tmp → C:\Users\Maxx\AppData\Local\Temp\CSI_1830-media.tmp (1600x1065)
[2025-09-10 19:40:56][DEBUG] [PUNK_Resize_Php] GD path for C:\xampp\tmp\php3259.tmp → C:\Users\Maxx\AppData\Local\Temp\CSI_1830-grande.tmp (2048x1364)
[2025-09-10 19:40:56][DEBUG] [PUNK_Resize_Php] GD path for C:\xampp\tmp\php325A.tmp → C:\Users\Maxx\AppData\Local\Temp\CSI_1831-piccola.tmp (800x532)
[2025-09-10 19:40:56][DEBUG] [PUNK_Resize_Php] GD path for C:\xampp\tmp\php325A.tmp → C:\Users\Maxx\AppData\Local\Temp\CSI_1831-media.tmp (1600x1065)
[2025-09-10 19:40:56][DEBUG] [PUNK_Resize_Php] GD path for C:\xampp\tmp\php325A.tmp → C:\Users\Maxx\AppData\Local\Temp\CSI_1831-grande.tmp (2048x1364)
[2025-09-10 19:40:57][DEBUG] [PUNK_Resize_Php] GD path for C:\xampp\tmp\php325B.tmp → C:\Users\Maxx\AppData\Local\Temp\CSI_1834-piccola.tmp (800x533)
[2025-09-10 19:40:57][DEBUG] [PUNK_Resize_Php] GD path for C:\xampp\tmp\php325B.tmp → C:\Users\Maxx\AppData\Local\Temp\CSI_1834-media.tmp (1600x1066)
[2025-09-10 19:40:57][DEBUG] [PUNK_Resize_Php] GD path for C:\xampp\tmp\php325B.tmp → C:\Users\Maxx\AppData\Local\Temp\CSI_1834-grande.tmp (2048x1365)
[2025-09-10 19:40:57][DEBUG] [PUNK_Resize_Php] GD path for C:\xampp\tmp\php326B.tmp → C:\Users\Maxx\AppData\Local\Temp\CSI_1835-piccola.tmp (800x533)
[2025-09-10 19:40:57][DEBUG] [PUNK_Resize_Php] GD path for C:\xampp\tmp\php326B.tmp → C:\Users\Maxx\AppData\Local\Temp\CSI_1835-media.tmp (1600x1066)
[2025-09-10 19:40:58][DEBUG] [PUNK_Resize_Php] GD path for C:\xampp\tmp\php326B.tmp → C:\Users\Maxx\AppData\Local\Temp\CSI_1835-grande.tmp (2048x1365)
[2025-09-10 19:40:58][DEBUG] [PUNK_Resize_Php] GD path for C:\xampp\tmp\php326C.tmp → C:\Users\Maxx\AppData\Local\Temp\CSI_1836-piccola.tmp (800x533)
[2025-09-10 19:40:58][DEBUG] [PUNK_Resize_Php] GD path for C:\xampp\tmp\php326C.tmp → C:\Users\Maxx\AppData\Local\Temp\CSI_1836-media.tmp (1600x1066)
[2025-09-10 19:40:58][DEBUG] [PUNK_Resize_Php] GD path for C:\xampp\tmp\php326C.tmp → C:\Users\Maxx\AppData\Local\Temp\CSI_1836-grande.tmp (2048x1365)
[2025-09-10 19:40:58][DEBUG] [PUNK_Resize_Php] GD path for C:\xampp\tmp\php327D.tmp → C:\Users\Maxx\AppData\Local\Temp\CSI_1838-piccola.tmp (800x533)
[2025-09-10 19:40:58][DEBUG] [PUNK_Resize_Php] GD path for C:\xampp\tmp\php327D.tmp → C:\Users\Maxx\AppData\Local\Temp\CSI_1838-media.tmp (1600x1066)
[2025-09-10 19:40:59][DEBUG] [PUNK_Resize_Php] GD path for C:\xampp\tmp\php327D.tmp → C:\Users\Maxx\AppData\Local\Temp\CSI_1838-grande.tmp (2048x1365)
[2025-09-10 19:40:59][DEBUG] [PUNK_Resize_Php] GD path for C:\xampp\tmp\php327E.tmp → C:\Users\Maxx\AppData\Local\Temp\CSI_1839-piccola.tmp (800x533)
[2025-09-10 19:40:59][DEBUG] [PUNK_Resize_Php] GD path for C:\xampp\tmp\php327E.tmp → C:\Users\Maxx\AppData\Local\Temp\CSI_1839-media.tmp (1600x1066)
[2025-09-10 19:40:59][DEBUG] [PUNK_Resize_Php] GD path for C:\xampp\tmp\php327E.tmp → C:\Users\Maxx\AppData\Local\Temp\CSI_1839-grande.tmp (2048x1365)
[2025-09-10 19:41:22][DEBUG] [PUNK_Resize_Php] GD path for C:\xampp\tmp\php9DFB.tmp → C:\Users\Maxx\AppData\Local\Temp\CSI_1800-piccola.tmp (800x532)
[2025-09-10 19:41:22][DEBUG] [PUNK_Resize_Php] GD path for C:\xampp\tmp\php9DFB.tmp → C:\Users\Maxx\AppData\Local\Temp\CSI_1800-media.tmp (1600x1065)
[2025-09-10 19:41:22][DEBUG] [PUNK_Resize_Php] GD path for C:\xampp\tmp\php9DFB.tmp → C:\Users\Maxx\AppData\Local\Temp\CSI_1800-grande.tmp (2048x1364)
[2025-09-10 19:41:22][DEBUG] [PUNK_Resize_Php] GD path for C:\xampp\tmp\php9F15.tmp → C:\Users\Maxx\AppData\Local\Temp\CSI_1803-piccola.tmp (800x532)
[2025-09-10 19:41:22][DEBUG] [PUNK_Resize_Php] GD path for C:\xampp\tmp\php9F15.tmp → C:\Users\Maxx\AppData\Local\Temp\CSI_1803-media.tmp (1600x1065)
[2025-09-10 19:41:23][DEBUG] [PUNK_Resize_Php] GD path for C:\xampp\tmp\php9F15.tmp → C:\Users\Maxx\AppData\Local\Temp\CSI_1803-grande.tmp (2048x1364)
[2025-09-10 19:41:23][DEBUG] [PUNK_Resize_Php] GD path for C:\xampp\tmp\php9F25.tmp → C:\Users\Maxx\AppData\Local\Temp\CSI_1804-piccola.tmp (800x532)
[2025-09-10 19:41:23][DEBUG] [PUNK_Resize_Php] GD path for C:\xampp\tmp\php9F25.tmp → C:\Users\Maxx\AppData\Local\Temp\CSI_1804-media.tmp (1600x1065)
[2025-09-10 19:41:23][DEBUG] [PUNK_Resize_Php] GD path for C:\xampp\tmp\php9F25.tmp → C:\Users\Maxx\AppData\Local\Temp\CSI_1804-grande.tmp (2048x1364)
[2025-09-10 19:41:23][DEBUG] [PUNK_Resize_Php] GD path for C:\xampp\tmp\php9F36.tmp → C:\Users\Maxx\AppData\Local\Temp\CSI_1805-piccola.tmp (800x533)
[2025-09-10 19:41:23][DEBUG] [PUNK_Resize_Php] GD path for C:\xampp\tmp\php9F36.tmp → C:\Users\Maxx\AppData\Local\Temp\CSI_1805-media.tmp (1600x1066)
[2025-09-10 19:41:24][DEBUG] [PUNK_Resize_Php] GD path for C:\xampp\tmp\php9F36.tmp → C:\Users\Maxx\AppData\Local\Temp\CSI_1805-grande.tmp (2048x1365)
[2025-09-10 19:41:24][DEBUG] [PUNK_Resize_Php] GD path for C:\xampp\tmp\php9F47.tmp → C:\Users\Maxx\AppData\Local\Temp\CSI_1806-piccola.tmp (800x532)
[2025-09-10 19:41:24][DEBUG] [PUNK_Resize_Php] GD path for C:\xampp\tmp\php9F47.tmp → C:\Users\Maxx\AppData\Local\Temp\CSI_1806-media.tmp (1600x1065)
[2025-09-10 19:41:24][DEBUG] [PUNK_Resize_Php] GD path for C:\xampp\tmp\php9F47.tmp → C:\Users\Maxx\AppData\Local\Temp\CSI_1806-grande.tmp (2048x1364)
[2025-09-10 19:41:24][DEBUG] [PUNK_Resize_Php] GD path for C:\xampp\tmp\php9F57.tmp → C:\Users\Maxx\AppData\Local\Temp\CSI_1807-piccola.tmp (800x532)
[2025-09-10 19:41:24][DEBUG] [PUNK_Resize_Php] GD path for C:\xampp\tmp\php9F57.tmp → C:\Users\Maxx\AppData\Local\Temp\CSI_1807-media.tmp (1600x1065)
[2025-09-10 19:41:24][DEBUG] [PUNK_Resize_Php] GD path for C:\xampp\tmp\php9F57.tmp → C:\Users\Maxx\AppData\Local\Temp\CSI_1807-grande.tmp (2048x1364)
[2025-09-10 19:41:25][DEBUG] [PUNK_Resize_Php] GD path for C:\xampp\tmp\php9F68.tmp → C:\Users\Maxx\AppData\Local\Temp\CSI_1809-piccola.tmp (800x532)
[2025-09-10 19:41:25][DEBUG] [PUNK_Resize_Php] GD path for C:\xampp\tmp\php9F68.tmp → C:\Users\Maxx\AppData\Local\Temp\CSI_1809-media.tmp (1600x1065)
[2025-09-10 19:41:25][DEBUG] [PUNK_Resize_Php] GD path for C:\xampp\tmp\php9F68.tmp → C:\Users\Maxx\AppData\Local\Temp\CSI_1809-grande.tmp (2048x1364)
[2025-09-10 19:41:25][DEBUG] [PUNK_Resize_Php] GD path for C:\xampp\tmp\php9F79.tmp → C:\Users\Maxx\AppData\Local\Temp\CSI_1810-piccola.tmp (800x532)
[2025-09-10 19:41:25][DEBUG] [PUNK_Resize_Php] GD path for C:\xampp\tmp\php9F79.tmp → C:\Users\Maxx\AppData\Local\Temp\CSI_1810-media.tmp (1600x1065)
[2025-09-10 19:41:25][DEBUG] [PUNK_Resize_Php] GD path for C:\xampp\tmp\php9F79.tmp → C:\Users\Maxx\AppData\Local\Temp\CSI_1810-grande.tmp (2048x1364)
[2025-09-10 19:41:26][DEBUG] [PUNK_Resize_Php] GD path for C:\xampp\tmp\php9F89.tmp → C:\Users\Maxx\AppData\Local\Temp\CSI_1811-piccola.tmp (800x533)
[2025-09-10 19:41:26][DEBUG] [PUNK_Resize_Php] GD path for C:\xampp\tmp\php9F89.tmp → C:\Users\Maxx\AppData\Local\Temp\CSI_1811-media.tmp (1600x1066)
[2025-09-10 19:41:26][DEBUG] [PUNK_Resize_Php] GD path for C:\xampp\tmp\php9F89.tmp → C:\Users\Maxx\AppData\Local\Temp\CSI_1811-grande.tmp (2048x1365)
[2025-09-10 19:41:26][DEBUG] [PUNK_Resize_Php] GD path for C:\xampp\tmp\php9F9A.tmp → C:\Users\Maxx\AppData\Local\Temp\CSI_1812-piccola.tmp (800x532)
[2025-09-10 19:41:26][DEBUG] [PUNK_Resize_Php] GD path for C:\xampp\tmp\php9F9A.tmp → C:\Users\Maxx\AppData\Local\Temp\CSI_1812-media.tmp (1600x1065)
[2025-09-10 19:41:26][DEBUG] [PUNK_Resize_Php] GD path for C:\xampp\tmp\php9F9A.tmp → C:\Users\Maxx\AppData\Local\Temp\CSI_1812-grande.tmp (2048x1364)
[2025-09-10 19:41:27][DEBUG] [PUNK_Resize_Php] GD path for C:\xampp\tmp\php9FAA.tmp → C:\Users\Maxx\AppData\Local\Temp\CSI_1815-piccola.tmp (800x532)
[2025-09-10 19:41:27][DEBUG] [PUNK_Resize_Php] GD path for C:\xampp\tmp\php9FAA.tmp → C:\Users\Maxx\AppData\Local\Temp\CSI_1815-media.tmp (1600x1065)
[2025-09-10 19:41:27][DEBUG] [PUNK_Resize_Php] GD path for C:\xampp\tmp\php9FAA.tmp → C:\Users\Maxx\AppData\Local\Temp\CSI_1815-grande.tmp (2048x1364)
[2025-09-10 19:41:27][DEBUG] [PUNK_Resize_Php] GD path for C:\xampp\tmp\php9FBB.tmp → C:\Users\Maxx\AppData\Local\Temp\CSI_1816-piccola.tmp (800x532)
[2025-09-10 19:41:27][DEBUG] [PUNK_Resize_Php] GD path for C:\xampp\tmp\php9FBB.tmp → C:\Users\Maxx\AppData\Local\Temp\CSI_1816-media.tmp (1600x1065)
[2025-09-10 19:41:27][DEBUG] [PUNK_Resize_Php] GD path for C:\xampp\tmp\php9FBB.tmp → C:\Users\Maxx\AppData\Local\Temp\CSI_1816-grande.tmp (2048x1364)
[2025-09-10 19:41:28][DEBUG] [PUNK_Resize_Php] GD path for C:\xampp\tmp\php9FCC.tmp → C:\Users\Maxx\AppData\Local\Temp\CSI_1817-piccola.tmp (800x532)
[2025-09-10 19:41:28][DEBUG] [PUNK_Resize_Php] GD path for C:\xampp\tmp\php9FCC.tmp → C:\Users\Maxx\AppData\Local\Temp\CSI_1817-media.tmp (1600x1065)
[2025-09-10 19:41:28][DEBUG] [PUNK_Resize_Php] GD path for C:\xampp\tmp\php9FCC.tmp → C:\Users\Maxx\AppData\Local\Temp\CSI_1817-grande.tmp (2048x1364)
[2025-09-10 19:41:28][DEBUG] [PUNK_Resize_Php] GD path for C:\xampp\tmp\php9FDC.tmp → C:\Users\Maxx\AppData\Local\Temp\CSI_1818-piccola.tmp (800x532)
[2025-09-10 19:41:28][DEBUG] [PUNK_Resize_Php] GD path for C:\xampp\tmp\php9FDC.tmp → C:\Users\Maxx\AppData\Local\Temp\CSI_1818-media.tmp (1600x1065)
[2025-09-10 19:41:28][DEBUG] [PUNK_Resize_Php] GD path for C:\xampp\tmp\php9FDC.tmp → C:\Users\Maxx\AppData\Local\Temp\CSI_1818-grande.tmp (2048x1364)
[2025-09-10 19:41:29][DEBUG] [PUNK_Resize_Php] GD path for C:\xampp\tmp\php9FDD.tmp → C:\Users\Maxx\AppData\Local\Temp\CSI_1820-piccola.tmp (800x532)
[2025-09-10 19:41:29][DEBUG] [PUNK_Resize_Php] GD path for C:\xampp\tmp\php9FDD.tmp → C:\Users\Maxx\AppData\Local\Temp\CSI_1820-media.tmp (1600x1065)
[2025-09-10 19:41:29][DEBUG] [PUNK_Resize_Php] GD path for C:\xampp\tmp\php9FDD.tmp → C:\Users\Maxx\AppData\Local\Temp\CSI_1820-grande.tmp (2048x1364)
[2025-09-10 19:41:29][DEBUG] [PUNK_Resize_Php] GD path for C:\xampp\tmp\php9FEE.tmp → C:\Users\Maxx\AppData\Local\Temp\CSI_1821-piccola.tmp (800x532)
[2025-09-10 19:41:29][DEBUG] [PUNK_Resize_Php] GD path for C:\xampp\tmp\php9FEE.tmp → C:\Users\Maxx\AppData\Local\Temp\CSI_1821-media.tmp (1600x1065)
[2025-09-10 19:41:29][DEBUG] [PUNK_Resize_Php] GD path for C:\xampp\tmp\php9FEE.tmp → C:\Users\Maxx\AppData\Local\Temp\CSI_1821-grande.tmp (2048x1364)
[2025-09-10 19:41:30][DEBUG] [PUNK_Resize_Php] GD path for C:\xampp\tmp\phpA00E.tmp → C:\Users\Maxx\AppData\Local\Temp\CSI_1823-piccola.tmp (800x532)
[2025-09-10 19:41:30][DEBUG] [PUNK_Resize_Php] GD path for C:\xampp\tmp\phpA00E.tmp → C:\Users\Maxx\AppData\Local\Temp\CSI_1823-media.tmp (1600x1065)
[2025-09-10 19:41:30][DEBUG] [PUNK_Resize_Php] GD path for C:\xampp\tmp\phpA00E.tmp → C:\Users\Maxx\AppData\Local\Temp\CSI_1823-grande.tmp (2048x1364)
[2025-09-10 19:41:30][DEBUG] [PUNK_Resize_Php] GD path for C:\xampp\tmp\phpA00F.tmp → C:\Users\Maxx\AppData\Local\Temp\CSI_1825-piccola.tmp (800x532)
[2025-09-10 19:41:30][DEBUG] [PUNK_Resize_Php] GD path for C:\xampp\tmp\phpA00F.tmp → C:\Users\Maxx\AppData\Local\Temp\CSI_1825-media.tmp (1600x1065)
[2025-09-10 19:41:30][DEBUG] [PUNK_Resize_Php] GD path for C:\xampp\tmp\phpA00F.tmp → C:\Users\Maxx\AppData\Local\Temp\CSI_1825-grande.tmp (2048x1364)
[2025-09-10 19:41:31][DEBUG] [PUNK_Resize_Php] GD path for C:\xampp\tmp\phpA010.tmp → C:\Users\Maxx\AppData\Local\Temp\CSI_1828-piccola.tmp (800x532)
[2025-09-10 19:41:31][DEBUG] [PUNK_Resize_Php] GD path for C:\xampp\tmp\phpA010.tmp → C:\Users\Maxx\AppData\Local\Temp\CSI_1828-media.tmp (1600x1065)
[2025-09-10 19:41:31][DEBUG] [PUNK_Resize_Php] GD path for C:\xampp\tmp\phpA010.tmp → C:\Users\Maxx\AppData\Local\Temp\CSI_1828-grande.tmp (2048x1364)
[2025-09-10 19:41:31][DEBUG] [PUNK_Resize_Php] GD path for C:\xampp\tmp\phpA021.tmp → C:\Users\Maxx\AppData\Local\Temp\CSI_1829-piccola.tmp (800x533)
[2025-09-10 19:41:31][DEBUG] [PUNK_Resize_Php] GD path for C:\xampp\tmp\phpA021.tmp → C:\Users\Maxx\AppData\Local\Temp\CSI_1829-media.tmp (1600x1066)
[2025-09-10 19:41:31][DEBUG] [PUNK_Resize_Php] GD path for C:\xampp\tmp\phpA021.tmp → C:\Users\Maxx\AppData\Local\Temp\CSI_1829-grande.tmp (2048x1365)
[2025-09-10 19:41:32][DEBUG] [PUNK_Resize_Php] GD path for C:\xampp\tmp\phpA022.tmp → C:\Users\Maxx\AppData\Local\Temp\CSI_1830-piccola.tmp (800x532)
[2025-09-10 19:41:32][DEBUG] [PUNK_Resize_Php] GD path for C:\xampp\tmp\phpA022.tmp → C:\Users\Maxx\AppData\Local\Temp\CSI_1830-media.tmp (1600x1065)
[2025-09-10 19:41:32][DEBUG] [PUNK_Resize_Php] GD path for C:\xampp\tmp\phpA022.tmp → C:\Users\Maxx\AppData\Local\Temp\CSI_1830-grande.tmp (2048x1364)
[2025-09-10 19:41:32][DEBUG] [PUNK_Resize_Php] GD path for C:\xampp\tmp\phpA023.tmp → C:\Users\Maxx\AppData\Local\Temp\CSI_1831-piccola.tmp (800x532)
[2025-09-10 19:41:32][DEBUG] [PUNK_Resize_Php] GD path for C:\xampp\tmp\phpA023.tmp → C:\Users\Maxx\AppData\Local\Temp\CSI_1831-media.tmp (1600x1065)
[2025-09-10 19:41:32][DEBUG] [PUNK_Resize_Php] GD path for C:\xampp\tmp\phpA023.tmp → C:\Users\Maxx\AppData\Local\Temp\CSI_1831-grande.tmp (2048x1364)
[2025-09-10 19:41:33][DEBUG] [PUNK_Resize_Php] GD path for C:\xampp\tmp\phpA033.tmp → C:\Users\Maxx\AppData\Local\Temp\CSI_1832-piccola.tmp (800x533)
[2025-09-10 19:41:33][DEBUG] [PUNK_Resize_Php] GD path for C:\xampp\tmp\phpA033.tmp → C:\Users\Maxx\AppData\Local\Temp\CSI_1832-media.tmp (1600x1066)
[2025-09-10 19:41:33][DEBUG] [PUNK_Resize_Php] GD path for C:\xampp\tmp\phpA033.tmp → C:\Users\Maxx\AppData\Local\Temp\CSI_1832-grande.tmp (2048x1365)
[2025-09-10 19:41:33][DEBUG] [PUNK_Resize_Php] GD path for C:\xampp\tmp\phpA054.tmp → C:\Users\Maxx\AppData\Local\Temp\CSI_1833-piccola.tmp (800x533)
[2025-09-10 19:41:33][DEBUG] [PUNK_Resize_Php] GD path for C:\xampp\tmp\phpA054.tmp → C:\Users\Maxx\AppData\Local\Temp\CSI_1833-media.tmp (1600x1066)
[2025-09-10 19:41:34][DEBUG] [PUNK_Resize_Php] GD path for C:\xampp\tmp\phpA054.tmp → C:\Users\Maxx\AppData\Local\Temp\CSI_1833-grande.tmp (2048x1365)
[2025-09-10 19:41:34][DEBUG] [PUNK_Resize_Php] GD path for C:\xampp\tmp\phpA055.tmp → C:\Users\Maxx\AppData\Local\Temp\CSI_1834-piccola.tmp (800x533)
[2025-09-10 19:41:34][DEBUG] [PUNK_Resize_Php] GD path for C:\xampp\tmp\phpA055.tmp → C:\Users\Maxx\AppData\Local\Temp\CSI_1834-media.tmp (1600x1066)
[2025-09-10 19:41:34][DEBUG] [PUNK_Resize_Php] GD path for C:\xampp\tmp\phpA055.tmp → C:\Users\Maxx\AppData\Local\Temp\CSI_1834-grande.tmp (2048x1365)
[2025-09-10 19:41:34][DEBUG] [PUNK_Resize_Php] GD path for C:\xampp\tmp\phpA056.tmp → C:\Users\Maxx\AppData\Local\Temp\CSI_1835-piccola.tmp (800x533)
[2025-09-10 19:41:34][DEBUG] [PUNK_Resize_Php] GD path for C:\xampp\tmp\phpA056.tmp → C:\Users\Maxx\AppData\Local\Temp\CSI_1835-media.tmp (1600x1066)
[2025-09-10 19:41:35][DEBUG] [PUNK_Resize_Php] GD path for C:\xampp\tmp\phpA056.tmp → C:\Users\Maxx\AppData\Local\Temp\CSI_1835-grande.tmp (2048x1365)
[2025-09-10 19:41:35][DEBUG] [PUNK_Resize_Php] GD path for C:\xampp\tmp\phpA066.tmp → C:\Users\Maxx\AppData\Local\Temp\CSI_1836-piccola.tmp (800x533)
[2025-09-10 19:41:35][DEBUG] [PUNK_Resize_Php] GD path for C:\xampp\tmp\phpA066.tmp → C:\Users\Maxx\AppData\Local\Temp\CSI_1836-media.tmp (1600x1066)
[2025-09-10 19:41:35][DEBUG] [PUNK_Resize_Php] GD path for C:\xampp\tmp\phpA066.tmp → C:\Users\Maxx\AppData\Local\Temp\CSI_1836-grande.tmp (2048x1365)
[2025-09-10 19:41:35][DEBUG] [PUNK_Resize_Php] GD path for C:\xampp\tmp\phpA067.tmp → C:\Users\Maxx\AppData\Local\Temp\CSI_1838-piccola.tmp (800x533)
[2025-09-10 19:41:35][DEBUG] [PUNK_Resize_Php] GD path for C:\xampp\tmp\phpA067.tmp → C:\Users\Maxx\AppData\Local\Temp\CSI_1838-media.tmp (1600x1066)
[2025-09-10 19:41:36][DEBUG] [PUNK_Resize_Php] GD path for C:\xampp\tmp\phpA067.tmp → C:\Users\Maxx\AppData\Local\Temp\CSI_1838-grande.tmp (2048x1365)
[2025-09-10 19:41:36][DEBUG] [PUNK_Resize_Php] GD path for C:\xampp\tmp\phpA078.tmp → C:\Users\Maxx\AppData\Local\Temp\CSI_1839-piccola.tmp (800x533)
[2025-09-10 19:41:36][DEBUG] [PUNK_Resize_Php] GD path for C:\xampp\tmp\phpA078.tmp → C:\Users\Maxx\AppData\Local\Temp\CSI_1839-media.tmp (1600x1066)
[2025-09-10 19:41:36][DEBUG] [PUNK_Resize_Php] GD path for C:\xampp\tmp\phpA078.tmp → C:\Users\Maxx\AppData\Local\Temp\CSI_1839-grande.tmp (2048x1365)
